<?xml version="1.0" encoding="UTF-8"?>
<!-- Generated by org.testng.reporters.JUnitXMLReporter -->
<testsuite hostname="JFSF16135683" ignored="0" name="Test" tests="16" failures="1" timestamp="17 Jul 2020 16:52:50 GMT" time="224.335" errors="0">
  <testcase name="verifylogo" time="1.501" classname="com.makaan.qa.testpages.HomePageTest"/>
  <testcase name="verifytitle" time="0.076" classname="com.makaan.qa.testpages.LoginTestPage"/>
  <testcase name="verifylogout" time="11.249" classname="com.makaan.qa.testpages.LogoutTestPage"/>
  <testcase name="verifymobilenumber" time="1.437" classname="com.makaan.qa.testpages.GetAppLinkTestPage"/>
  <testcase name="verifyforgotpasswrod" time="3.214" classname="com.makaan.qa.testpages.ForgotTestPage"/>
  <testcase name="get_monthly_emi_calc" time="8.667" classname="com.makaan.qa.testpages.HomeLoanTestPage"/>
  <testcase name="get_monthly_emi_calc" time="8.148" classname="com.makaan.qa.testpages.HomeLoanTestPage"/>
  <testcase name="get_monthly_emi_calc" time="7.6" classname="com.makaan.qa.testpages.HomeLoanTestPage"/>
  <testcase name="verify_play_store_link" time="0.819" classname="com.makaan.qa.testpages.GetAppLinkTestPage"/>
  <testcase name="verifylist" time="1.418" classname="com.makaan.qa.testpages.HomePageTest"/>
  <testcase name="verify_send_otp" time="7.541" classname="com.makaan.qa.testpages.ForgotTestPage"/>
  <testcase name="verifylogin" time="5.614" classname="com.makaan.qa.testpages.LoginTestPage"/>
  <testcase name="verify_buy_gettext" time="20.489" classname="com.makaan.qa.testpages.HomePageTest">
    <failure type="org.openqa.selenium.TimeoutException" message="Expected condition failed: waiting for text (&amp;apos;pick location, builder or project&amp;apos;) to be present in element [[ChromeDriver: chrome on XP (50b788335a99724d24f0a422d802ee05)] -&amp;gt; xpath: (//input[@class=&amp;apos;js-input thinput&amp;apos;])[2]] (tried for 20 second(s) with 500 milliseconds interval)
Build info: version: &amp;apos;3.141.59&amp;apos;, revision: &amp;apos;e82be7d358&amp;apos;, time: &amp;apos;2018-11-14T08:17:03&amp;apos;
System info: host: &amp;apos;JFSF16135683&amp;apos;, ip: &amp;apos;172.20.17.34&amp;apos;, os.name: &amp;apos;Windows 10&amp;apos;, os.arch: &amp;apos;amd64&amp;apos;, os.version: &amp;apos;10.0&amp;apos;, java.version: &amp;apos;1.8.0_172&amp;apos;
Driver info: org.openqa.selenium.support.events.EventFiringWebDriver
Capabilities {acceptInsecureCerts: false, acceptSslCerts: false, applicationCacheEnabled: false, browserConnectionEnabled: false, browserName: chrome, chrome: {chromedriverVersion: 2.38.552522 (437e6fbedfa876..., userDataDir: C:\Users\MOHITM~1.COG\AppDa...}, cssSelectorsEnabled: true, databaseEnabled: false, handlesAlerts: true, hasTouchScreen: false, javascriptEnabled: true, locationContextEnabled: true, mobileEmulationEnabled: false, nativeEvents: true, networkConnectionEnabled: false, pageLoadStrategy: normal, platform: XP, platformName: XP, rotatable: false, setWindowRect: true, takesHeapSnapshot: true, takesScreenshot: true, unexpectedAlertBehaviour: , unhandledPromptBehavior: , version: 84.0.4147.89, webStorageEnabled: true}
Session ID: 50b788335a99724d24f0a422d802ee05">
      <![CDATA[org.openqa.selenium.TimeoutException: Expected condition failed: waiting for text ('pick location, builder or project') to be present in element [[ChromeDriver: chrome on XP (50b788335a99724d24f0a422d802ee05)] -> xpath: (//input[@class='js-input thinput'])[2]] (tried for 20 second(s) with 500 milliseconds interval)
Build info: version: '3.141.59', revision: 'e82be7d358', time: '2018-11-14T08:17:03'
System info: host: 'JFSF16135683', ip: '172.20.17.34', os.name: 'Windows 10', os.arch: 'amd64', os.version: '10.0', java.version: '1.8.0_172'
Driver info: org.openqa.selenium.support.events.EventFiringWebDriver
Capabilities {acceptInsecureCerts: false, acceptSslCerts: false, applicationCacheEnabled: false, browserConnectionEnabled: false, browserName: chrome, chrome: {chromedriverVersion: 2.38.552522 (437e6fbedfa876..., userDataDir: C:\Users\MOHITM~1.COG\AppDa...}, cssSelectorsEnabled: true, databaseEnabled: false, handlesAlerts: true, hasTouchScreen: false, javascriptEnabled: true, locationContextEnabled: true, mobileEmulationEnabled: false, nativeEvents: true, networkConnectionEnabled: false, pageLoadStrategy: normal, platform: XP, platformName: XP, rotatable: false, setWindowRect: true, takesHeapSnapshot: true, takesScreenshot: true, unexpectedAlertBehaviour: , unhandledPromptBehavior: , version: 84.0.4147.89, webStorageEnabled: true}
Session ID: 50b788335a99724d24f0a422d802ee05
	at org.openqa.selenium.support.ui.WebDriverWait.timeoutException(WebDriverWait.java:95)
	at org.openqa.selenium.support.ui.FluentWait.until(FluentWait.java:272)
	at com.makaan.qa.pages.HomePage.getext(HomePage.java:68)
	at com.makaan.qa.testpages.HomePageTest.verify_buy_gettext(HomePageTest.java:40)
... Removed 29 stack frames]]>
    </failure>
  </testcase> <!-- verify_buy_gettext -->
  <testcase name="verify_app_store_link" time="5.422" classname="com.makaan.qa.testpages.GetAppLinkTestPage"/>
  <testcase name="verify_rent_gettext" time="1.297" classname="com.makaan.qa.testpages.HomePageTest"/>
  <testcase name="verify_agents_gettext" time="0.927" classname="com.makaan.qa.testpages.HomePageTest"/>
</testsuite> <!-- Test -->
