<html>
<head>
<title>TestNG:  Test</title>
<link href="../testng.css" rel="stylesheet" type="text/css" />
<link href="../my-testng.css" rel="stylesheet" type="text/css" />

<style type="text/css">
.log { display: none;} 
.stack-trace { display: none;} 
</style>
<script type="text/javascript">
<!--
function flip(e) {
  current = e.style.display;
  if (current == 'block') {
    e.style.display = 'none';
    return 0;
  }
  else {
    e.style.display = 'block';
    return 1;
  }
}

function toggleBox(szDivId, elem, msg1, msg2)
{
  var res = -1;  if (document.getElementById) {
    res = flip(document.getElementById(szDivId));
  }
  else if (document.all) {
    // this is the way old msie versions work
    res = flip(document.all[szDivId]);
  }
  if(elem) {
    if(res == 0) elem.innerHTML = msg1; else elem.innerHTML = msg2;
  }

}

function toggleAllBoxes() {
  if (document.getElementsByTagName) {
    d = document.getElementsByTagName('div');
    for (i = 0; i < d.length; i++) {
      if (d[i].className == 'log') {
        flip(d[i]);
      }
    }
  }
}

// -->
</script>

</head>
<body>
<h2 align='center'>Test</h2><table border='1' align="center">
<tr>
<td>Tests passed/Failed/Skipped:</td><td>15/1/0</td>
</tr><tr>
<td>Started on:</td><td>Fri Jul 17 22:19:05 IST 2020</td>
</tr>
<tr><td>Total time:</td><td>224 seconds (224335 ms)</td>
</tr><tr>
<td>Included groups:</td><td></td>
</tr><tr>
<td>Excluded groups:</td><td></td>
</tr>
</table><p/>
<small><i>(Hover the method name to see the test class name)</i></small><p/>
<table width='100%' border='1' class='invocation-failed'>
<tr><td colspan='4' align='center'><b>FAILED TESTS</b></td></tr>
<tr><td><b>Test method</b></td>
<td width="30%"><b>Exception</b></td>
<td width="10%"><b>Time (seconds)</b></td>
<td><b>Instance</b></td>
</tr>
<tr>
<td title='com.makaan.qa.testpages.HomePageTest.verify_buy_gettext()'><b>verify_buy_gettext</b><br>Test class: com.makaan.qa.testpages.HomePageTest</td>
<td><div><pre>org.openqa.selenium.TimeoutException: Expected condition failed: waiting for text (&apos;pick location, builder or project&apos;) to be present in element [[ChromeDriver: chrome on XP (50b788335a99724d24f0a422d802ee05)] -&gt; xpath: (//input[@class=&apos;js-input thinput&apos;])[2]] (tried for 20 second(s) with 500 milliseconds interval)
Build info: version: &apos;3.141.59&apos;, revision: &apos;e82be7d358&apos;, time: &apos;2018-11-14T08:17:03&apos;
System info: host: &apos;JFSF16135683&apos;, ip: &apos;172.20.17.34&apos;, os.name: &apos;Windows 10&apos;, os.arch: &apos;amd64&apos;, os.version: &apos;10.0&apos;, java.version: &apos;1.8.0_172&apos;
Driver info: org.openqa.selenium.support.events.EventFiringWebDriver
Capabilities {acceptInsecureCerts: false, acceptSslCerts: false, applicationCacheEnabled: false, browserConnectionEnabled: false, browserName: chrome, chrome: {chromedriverVersion: 2.38.552522 (437e6fbedfa876..., userDataDir: C:\Users\MOHITM~1.COG\AppDa...}, cssSelectorsEnabled: true, databaseEnabled: false, handlesAlerts: true, hasTouchScreen: false, javascriptEnabled: true, locationContextEnabled: true, mobileEmulationEnabled: false, nativeEvents: true, networkConnectionEnabled: false, pageLoadStrategy: normal, platform: XP, platformName: XP, rotatable: false, setWindowRect: true, takesHeapSnapshot: true, takesScreenshot: true, unexpectedAlertBehaviour: , unhandledPromptBehavior: , version: 84.0.4147.89, webStorageEnabled: true}
Session ID: 50b788335a99724d24f0a422d802ee05
	at org.openqa.selenium.support.ui.WebDriverWait.timeoutException(WebDriverWait.java:95)
	at org.openqa.selenium.support.ui.FluentWait.until(FluentWait.java:272)
	at com.makaan.qa.pages.HomePage.getext(HomePage.java:68)
	at com.makaan.qa.testpages.HomePageTest.verify_buy_gettext(HomePageTest.java:40)
... Removed 29 stack frames</pre></div><a href='#' onClick='toggleBox("stack-trace913902572", this, "Click to show all stack frames", "Click to hide stack frames")'>Click to show all stack frames</a>
<div class='stack-trace' id='stack-trace913902572'><pre>org.openqa.selenium.TimeoutException: Expected condition failed: waiting for text (&apos;pick location, builder or project&apos;) to be present in element [[ChromeDriver: chrome on XP (50b788335a99724d24f0a422d802ee05)] -&gt; xpath: (//input[@class=&apos;js-input thinput&apos;])[2]] (tried for 20 second(s) with 500 milliseconds interval)
Build info: version: &apos;3.141.59&apos;, revision: &apos;e82be7d358&apos;, time: &apos;2018-11-14T08:17:03&apos;
System info: host: &apos;JFSF16135683&apos;, ip: &apos;172.20.17.34&apos;, os.name: &apos;Windows 10&apos;, os.arch: &apos;amd64&apos;, os.version: &apos;10.0&apos;, java.version: &apos;1.8.0_172&apos;
Driver info: org.openqa.selenium.support.events.EventFiringWebDriver
Capabilities {acceptInsecureCerts: false, acceptSslCerts: false, applicationCacheEnabled: false, browserConnectionEnabled: false, browserName: chrome, chrome: {chromedriverVersion: 2.38.552522 (437e6fbedfa876..., userDataDir: C:\Users\MOHITM~1.COG\AppDa...}, cssSelectorsEnabled: true, databaseEnabled: false, handlesAlerts: true, hasTouchScreen: false, javascriptEnabled: true, locationContextEnabled: true, mobileEmulationEnabled: false, nativeEvents: true, networkConnectionEnabled: false, pageLoadStrategy: normal, platform: XP, platformName: XP, rotatable: false, setWindowRect: true, takesHeapSnapshot: true, takesScreenshot: true, unexpectedAlertBehaviour: , unhandledPromptBehavior: , version: 84.0.4147.89, webStorageEnabled: true}
Session ID: 50b788335a99724d24f0a422d802ee05
	at org.openqa.selenium.support.ui.WebDriverWait.timeoutException(WebDriverWait.java:95)
	at org.openqa.selenium.support.ui.FluentWait.until(FluentWait.java:272)
	at com.makaan.qa.pages.HomePage.getext(HomePage.java:68)
	at com.makaan.qa.testpages.HomePageTest.verify_buy_gettext(HomePageTest.java:40)
	at sun.reflect.NativeMethodAccessorImpl.invoke0(Native Method)
	at sun.reflect.NativeMethodAccessorImpl.invoke(NativeMethodAccessorImpl.java:62)
	at sun.reflect.DelegatingMethodAccessorImpl.invoke(DelegatingMethodAccessorImpl.java:43)
	at java.lang.reflect.Method.invoke(Method.java:498)
	at org.testng.internal.MethodInvocationHelper.invokeMethod(MethodInvocationHelper.java:108)
	at org.testng.internal.Invoker.invokeMethod(Invoker.java:661)
	at org.testng.internal.Invoker.invokeTestMethod(Invoker.java:869)
	at org.testng.internal.Invoker.invokeTestMethods(Invoker.java:1193)
	at org.testng.internal.TestMethodWorker.invokeTestMethods(TestMethodWorker.java:126)
	at org.testng.internal.TestMethodWorker.run(TestMethodWorker.java:109)
	at org.testng.TestRunner.privateRun(TestRunner.java:744)
	at org.testng.TestRunner.run(TestRunner.java:602)
	at org.testng.SuiteRunner.runTest(SuiteRunner.java:380)
	at org.testng.SuiteRunner.runSequentially(SuiteRunner.java:375)
	at org.testng.SuiteRunner.privateRun(SuiteRunner.java:340)
	at org.testng.SuiteRunner.run(SuiteRunner.java:289)
	at org.testng.SuiteRunnerWorker.runSuite(SuiteRunnerWorker.java:52)
	at org.testng.SuiteRunnerWorker.run(SuiteRunnerWorker.java:86)
	at org.testng.TestNG.runSuitesSequentially(TestNG.java:1301)
	at org.testng.TestNG.runSuitesLocally(TestNG.java:1226)
	at org.testng.TestNG.runSuites(TestNG.java:1144)
	at org.testng.TestNG.run(TestNG.java:1115)
	at org.apache.maven.surefire.testng.TestNGExecutor.run(TestNGExecutor.java:284)
	at org.apache.maven.surefire.testng.TestNGXmlTestSuite.execute(TestNGXmlTestSuite.java:75)
	at org.apache.maven.surefire.testng.TestNGProvider.invoke(TestNGProvider.java:119)
	at org.apache.maven.surefire.booter.ForkedBooter.runSuitesInProcess(ForkedBooter.java:428)
	at org.apache.maven.surefire.booter.ForkedBooter.execute(ForkedBooter.java:162)
	at org.apache.maven.surefire.booter.ForkedBooter.run(ForkedBooter.java:562)
	at org.apache.maven.surefire.booter.ForkedBooter.main(ForkedBooter.java:548)
</pre></div></td>
<td>20</td>
<td>com.makaan.qa.testpages.HomePageTest@5034c75a</td></tr>
</table><p>
<table width='100%' border='1' class='invocation-passed'>
<tr><td colspan='4' align='center'><b>PASSED TESTS</b></td></tr>
<tr><td><b>Test method</b></td>
<td width="30%"><b>Exception</b></td>
<td width="10%"><b>Time (seconds)</b></td>
<td><b>Instance</b></td>
</tr>
<tr>
<td title='com.makaan.qa.testpages.HomeLoanTestPage.get_monthly_emi_calc()'><b>get_monthly_emi_calc</b><br>Test class: com.makaan.qa.testpages.HomeLoanTestPage<br>Parameters: 6000000.0, 30.0, 8.0</td>
<td></td>
<td>8</td>
<td>com.makaan.qa.testpages.HomeLoanTestPage@51efea79</td></tr>
<tr>
<td title='com.makaan.qa.testpages.HomeLoanTestPage.get_monthly_emi_calc()'><b>get_monthly_emi_calc</b><br>Test class: com.makaan.qa.testpages.HomeLoanTestPage<br>Parameters: 3000000.0, 25.0, 9.5</td>
<td></td>
<td>8</td>
<td>com.makaan.qa.testpages.HomeLoanTestPage@51efea79</td></tr>
<tr>
<td title='com.makaan.qa.testpages.HomeLoanTestPage.get_monthly_emi_calc()'><b>get_monthly_emi_calc</b><br>Test class: com.makaan.qa.testpages.HomeLoanTestPage<br>Parameters: 5000000.0, 20.0, 10.0</td>
<td></td>
<td>7</td>
<td>com.makaan.qa.testpages.HomeLoanTestPage@51efea79</td></tr>
<tr>
<td title='com.makaan.qa.testpages.HomePageTest.verify_agents_gettext()'><b>verify_agents_gettext</b><br>Test class: com.makaan.qa.testpages.HomePageTest</td>
<td></td>
<td>0</td>
<td>com.makaan.qa.testpages.HomePageTest@5034c75a</td></tr>
<tr>
<td title='com.makaan.qa.testpages.GetAppLinkTestPage.verify_app_store_link()'><b>verify_app_store_link</b><br>Test class: com.makaan.qa.testpages.GetAppLinkTestPage</td>
<td></td>
<td>5</td>
<td>com.makaan.qa.testpages.GetAppLinkTestPage@7f9a81e8</td></tr>
<tr>
<td title='com.makaan.qa.testpages.GetAppLinkTestPage.verify_play_store_link()'><b>verify_play_store_link</b><br>Test class: com.makaan.qa.testpages.GetAppLinkTestPage</td>
<td></td>
<td>0</td>
<td>com.makaan.qa.testpages.GetAppLinkTestPage@7f9a81e8</td></tr>
<tr>
<td title='com.makaan.qa.testpages.HomePageTest.verify_rent_gettext()'><b>verify_rent_gettext</b><br>Test class: com.makaan.qa.testpages.HomePageTest</td>
<td></td>
<td>1</td>
<td>com.makaan.qa.testpages.HomePageTest@5034c75a</td></tr>
<tr>
<td title='com.makaan.qa.testpages.ForgotTestPage.verify_send_otp()'><b>verify_send_otp</b><br>Test class: com.makaan.qa.testpages.ForgotTestPage</td>
<td></td>
<td>7</td>
<td>com.makaan.qa.testpages.ForgotTestPage@9629756</td></tr>
<tr>
<td title='com.makaan.qa.testpages.ForgotTestPage.verifyforgotpasswrod()'><b>verifyforgotpasswrod</b><br>Test class: com.makaan.qa.testpages.ForgotTestPage</td>
<td></td>
<td>3</td>
<td>com.makaan.qa.testpages.ForgotTestPage@9629756</td></tr>
<tr>
<td title='com.makaan.qa.testpages.HomePageTest.verifylist()'><b>verifylist</b><br>Test class: com.makaan.qa.testpages.HomePageTest</td>
<td></td>
<td>1</td>
<td>com.makaan.qa.testpages.HomePageTest@5034c75a</td></tr>
<tr>
<td title='com.makaan.qa.testpages.LoginTestPage.verifylogin()'><b>verifylogin</b><br>Test class: com.makaan.qa.testpages.LoginTestPage</td>
<td></td>
<td>5</td>
<td>com.makaan.qa.testpages.LoginTestPage@396a51ab</td></tr>
<tr>
<td title='com.makaan.qa.testpages.HomePageTest.verifylogo()'><b>verifylogo</b><br>Test class: com.makaan.qa.testpages.HomePageTest</td>
<td></td>
<td>1</td>
<td>com.makaan.qa.testpages.HomePageTest@5034c75a</td></tr>
<tr>
<td title='com.makaan.qa.testpages.LogoutTestPage.verifylogout()'><b>verifylogout</b><br>Test class: com.makaan.qa.testpages.LogoutTestPage</td>
<td></td>
<td>11</td>
<td>com.makaan.qa.testpages.LogoutTestPage@51081592</td></tr>
<tr>
<td title='com.makaan.qa.testpages.GetAppLinkTestPage.verifymobilenumber()'><b>verifymobilenumber</b><br>Test class: com.makaan.qa.testpages.GetAppLinkTestPage</td>
<td></td>
<td>1</td>
<td>com.makaan.qa.testpages.GetAppLinkTestPage@7f9a81e8</td></tr>
<tr>
<td title='com.makaan.qa.testpages.LoginTestPage.verifytitle()'><b>verifytitle</b><br>Test class: com.makaan.qa.testpages.LoginTestPage</td>
<td></td>
<td>0</td>
<td>com.makaan.qa.testpages.LoginTestPage@396a51ab</td></tr>
</table><p>
</body>
</html>