<?xml version="1.0" encoding="UTF-8"?>
<testsuite xmlns:xsi="http://www.w3.org/2001/XMLSchema-instance" xsi:noNamespaceSchemaLocation="https://maven.apache.org/surefire/maven-surefire-plugin/xsd/surefire-test-report-3.0.xsd" version="3.0" name="TestSuite" time="225.968" tests="16" errors="0" skipped="0" failures="1">
  <properties>
    <property name="sun.desktop" value="windows"/>
    <property name="awt.toolkit" value="sun.awt.windows.WToolkit"/>
    <property name="file.encoding.pkg" value="sun.io"/>
    <property name="java.specification.version" value="1.8"/>
    <property name="webdriver.chrome.driver" value="D:/D Drive/Mohit/WorkSpace_Mohit/MakaanQaAutomation/Chrome/chromedriver.exe"/>
    <property name="sun.cpu.isalist" value="amd64"/>
    <property name="sun.jnu.encoding" value="Cp1252"/>
    <property name="java.class.path" value="D:\D Drive\Mohit\WorkSpace_Mohit\MakaanQaAutomation\target\test-classes;D:\D Drive\Mohit\WorkSpace_Mohit\MakaanQaAutomation\target\classes;C:\Users\mohit.mittal.cog\.m2\repository\org\seleniumhq\selenium\selenium-java\3.141.59\selenium-java-3.141.59.jar;C:\Users\mohit.mittal.cog\.m2\repository\org\seleniumhq\selenium\selenium-api\3.141.59\selenium-api-3.141.59.jar;C:\Users\mohit.mittal.cog\.m2\repository\org\seleniumhq\selenium\selenium-chrome-driver\3.141.59\selenium-chrome-driver-3.141.59.jar;C:\Users\mohit.mittal.cog\.m2\repository\org\seleniumhq\selenium\selenium-edge-driver\3.141.59\selenium-edge-driver-3.141.59.jar;C:\Users\mohit.mittal.cog\.m2\repository\org\seleniumhq\selenium\selenium-firefox-driver\3.141.59\selenium-firefox-driver-3.141.59.jar;C:\Users\mohit.mittal.cog\.m2\repository\org\seleniumhq\selenium\selenium-ie-driver\3.141.59\selenium-ie-driver-3.141.59.jar;C:\Users\mohit.mittal.cog\.m2\repository\org\seleniumhq\selenium\selenium-opera-driver\3.141.59\selenium-opera-driver-3.141.59.jar;C:\Users\mohit.mittal.cog\.m2\repository\org\seleniumhq\selenium\selenium-remote-driver\3.141.59\selenium-remote-driver-3.141.59.jar;C:\Users\mohit.mittal.cog\.m2\repository\org\seleniumhq\selenium\selenium-safari-driver\3.141.59\selenium-safari-driver-3.141.59.jar;C:\Users\mohit.mittal.cog\.m2\repository\org\seleniumhq\selenium\selenium-support\3.141.59\selenium-support-3.141.59.jar;C:\Users\mohit.mittal.cog\.m2\repository\net\bytebuddy\byte-buddy\1.8.15\byte-buddy-1.8.15.jar;C:\Users\mohit.mittal.cog\.m2\repository\org\apache\commons\commons-exec\1.3\commons-exec-1.3.jar;C:\Users\mohit.mittal.cog\.m2\repository\com\google\guava\guava\25.0-jre\guava-25.0-jre.jar;C:\Users\mohit.mittal.cog\.m2\repository\com\google\code\findbugs\jsr305\1.3.9\jsr305-1.3.9.jar;C:\Users\mohit.mittal.cog\.m2\repository\org\checkerframework\checker-compat-qual\2.0.0\checker-compat-qual-2.0.0.jar;C:\Users\mohit.mittal.cog\.m2\repository\com\google\errorprone\error_prone_annotations\2.1.3\error_prone_annotations-2.1.3.jar;C:\Users\mohit.mittal.cog\.m2\repository\com\google\j2objc\j2objc-annotations\1.1\j2objc-annotations-1.1.jar;C:\Users\mohit.mittal.cog\.m2\repository\org\codehaus\mojo\animal-sniffer-annotations\1.14\animal-sniffer-annotations-1.14.jar;C:\Users\mohit.mittal.cog\.m2\repository\com\squareup\okhttp3\okhttp\3.11.0\okhttp-3.11.0.jar;C:\Users\mohit.mittal.cog\.m2\repository\com\squareup\okio\okio\1.14.0\okio-1.14.0.jar;C:\Users\mohit.mittal.cog\.m2\repository\org\testng\testng\6.11\testng-6.11.jar;C:\Users\mohit.mittal.cog\.m2\repository\com\beust\jcommander\1.64\jcommander-1.64.jar;C:\Users\mohit.mittal.cog\.m2\repository\org\yaml\snakeyaml\1.17\snakeyaml-1.17.jar;C:\Users\mohit.mittal.cog\.m2\repository\org\apache\poi\poi\3.9\poi-3.9.jar;C:\Users\mohit.mittal.cog\.m2\repository\commons-codec\commons-codec\1.5\commons-codec-1.5.jar;C:\Users\mohit.mittal.cog\.m2\repository\org\apache\poi\poi-ooxml\3.9\poi-ooxml-3.9.jar;C:\Users\mohit.mittal.cog\.m2\repository\dom4j\dom4j\1.6.1\dom4j-1.6.1.jar;C:\Users\mohit.mittal.cog\.m2\repository\xml-apis\xml-apis\1.0.b2\xml-apis-1.0.b2.jar;C:\Users\mohit.mittal.cog\.m2\repository\org\apache\poi\poi-ooxml-schemas\3.9\poi-ooxml-schemas-3.9.jar;C:\Users\mohit.mittal.cog\.m2\repository\org\apache\xmlbeans\xmlbeans\2.3.0\xmlbeans-2.3.0.jar;C:\Users\mohit.mittal.cog\.m2\repository\stax\stax-api\1.0.1\stax-api-1.0.1.jar;C:\Users\mohit.mittal.cog\.m2\repository\org\apache\poi\poi-scratchpad\3.9\poi-scratchpad-3.9.jar;C:\Users\mohit.mittal.cog\.m2\repository\org\apache\poi\ooxml-schemas\1.1\ooxml-schemas-1.1.jar;C:\Users\mohit.mittal.cog\.m2\repository\org\apache\poi\openxml4j\1.0-beta\openxml4j-1.0-beta.jar;C:\Users\mohit.mittal.cog\.m2\repository\log4j\log4j\1.2.8\log4j-1.2.8.jar;C:\Users\mohit.mittal.cog\.m2\repository\com\relevantcodes\extentreports\2.41.2\extentreports-2.41.2.jar;C:\Users\mohit.mittal.cog\.m2\repository\org\jsoup\jsoup\1.8.3\jsoup-1.8.3.jar;C:\Users\mohit.mittal.cog\.m2\repository\org\xerial\sqlite-jdbc\3.8.11.1\sqlite-jdbc-3.8.11.1.jar;C:\Users\mohit.mittal.cog\.m2\repository\org\freemarker\freemarker\2.3.23\freemarker-2.3.23.jar;C:\Users\mohit.mittal.cog\.m2\repository\org\mongodb\mongodb-driver\3.0.4\mongodb-driver-3.0.4.jar;C:\Users\mohit.mittal.cog\.m2\repository\org\mongodb\bson\3.0.4\bson-3.0.4.jar;C:\Users\mohit.mittal.cog\.m2\repository\org\mongodb\mongodb-driver-core\3.0.4\mongodb-driver-core-3.0.4.jar;C:\Users\mohit.mittal.cog\.m2\repository\commons-io\commons-io\2.6\commons-io-2.6.jar;C:\Users\mohit.mittal.cog\.m2\repository\org\apache\logging\log4j\log4j-api\2.13.3\log4j-api-2.13.3.jar;C:\Users\mohit.mittal.cog\.m2\repository\org\apache\logging\log4j\log4j-core\2.13.3\log4j-core-2.13.3.jar;C:\Users\mohit.mittal.cog\.m2\repository\org\slf4j\slf4j-log4j12\1.7.5\slf4j-log4j12-1.7.5.jar;C:\Users\mohit.mittal.cog\.m2\repository\org\slf4j\slf4j-api\1.7.5\slf4j-api-1.7.5.jar;C:\Users\mohit.mittal.cog\.m2\repository\com\twilio\sdk\twilio\7.1.0\twilio-7.1.0.jar;C:\Users\mohit.mittal.cog\.m2\repository\joda-time\joda-time\2.5\joda-time-2.5.jar;C:\Users\mohit.mittal.cog\.m2\repository\io\jsonwebtoken\jjwt\0.4\jjwt-0.4.jar;C:\Users\mohit.mittal.cog\.m2\repository\org\apache\httpcomponents\httpclient\4.5.2\httpclient-4.5.2.jar;C:\Users\mohit.mittal.cog\.m2\repository\commons-logging\commons-logging\1.2\commons-logging-1.2.jar;C:\Users\mohit.mittal.cog\.m2\repository\org\apache\httpcomponents\httpcore\4.4.4\httpcore-4.4.4.jar;C:\Users\mohit.mittal.cog\.m2\repository\com\fasterxml\jackson\core\jackson-core\2.4.3\jackson-core-2.4.3.jar;C:\Users\mohit.mittal.cog\.m2\repository\com\fasterxml\jackson\core\jackson-annotations\2.4.3\jackson-annotations-2.4.3.jar;C:\Users\mohit.mittal.cog\.m2\repository\com\fasterxml\jackson\core\jackson-databind\2.4.3\jackson-databind-2.4.3.jar;C:\Users\mohit.mittal.cog\.m2\repository\javax\xml\bind\jaxb-api\2.2\jaxb-api-2.2.jar;C:\Users\mohit.mittal.cog\.m2\repository\javax\xml\stream\stax-api\1.0-2\stax-api-1.0-2.jar;C:\Users\mohit.mittal.cog\.m2\repository\javax\activation\activation\1.1\activation-1.1.jar;"/>
    <property name="java.vm.vendor" value="Oracle Corporation"/>
    <property name="sun.arch.data.model" value="64"/>
    <property name="user.variant" value=""/>
    <property name="java.vendor.url" value="http://java.oracle.com/"/>
    <property name="user.timezone" value="Asia/Calcutta"/>
    <property name="java.vm.specification.version" value="1.8"/>
    <property name="os.name" value="Windows 10"/>
    <property name="user.country" value="IN"/>
    <property name="sun.java.launcher" value="SUN_STANDARD"/>
    <property name="sun.boot.library.path" value="C:\Program Files\Java\jdk1.8.0_172\jre\bin"/>
    <property name="sun.java.command" value="C:\Users\mohit.mittal.cog\AppData\Local\Temp\surefire2259739176352469459\surefirebooter2565097631083552364.jar C:\Users\mohit.mittal.cog\AppData\Local\Temp\surefire2259739176352469459 2020-07-17T22-19-01_970-jvmRun1 surefire2396650615936111562tmp surefire_06731002818361281498tmp"/>
    <property name="surefire.test.class.path" value="D:\D Drive\Mohit\WorkSpace_Mohit\MakaanQaAutomation\target\test-classes;D:\D Drive\Mohit\WorkSpace_Mohit\MakaanQaAutomation\target\classes;C:\Users\mohit.mittal.cog\.m2\repository\org\seleniumhq\selenium\selenium-java\3.141.59\selenium-java-3.141.59.jar;C:\Users\mohit.mittal.cog\.m2\repository\org\seleniumhq\selenium\selenium-api\3.141.59\selenium-api-3.141.59.jar;C:\Users\mohit.mittal.cog\.m2\repository\org\seleniumhq\selenium\selenium-chrome-driver\3.141.59\selenium-chrome-driver-3.141.59.jar;C:\Users\mohit.mittal.cog\.m2\repository\org\seleniumhq\selenium\selenium-edge-driver\3.141.59\selenium-edge-driver-3.141.59.jar;C:\Users\mohit.mittal.cog\.m2\repository\org\seleniumhq\selenium\selenium-firefox-driver\3.141.59\selenium-firefox-driver-3.141.59.jar;C:\Users\mohit.mittal.cog\.m2\repository\org\seleniumhq\selenium\selenium-ie-driver\3.141.59\selenium-ie-driver-3.141.59.jar;C:\Users\mohit.mittal.cog\.m2\repository\org\seleniumhq\selenium\selenium-opera-driver\3.141.59\selenium-opera-driver-3.141.59.jar;C:\Users\mohit.mittal.cog\.m2\repository\org\seleniumhq\selenium\selenium-remote-driver\3.141.59\selenium-remote-driver-3.141.59.jar;C:\Users\mohit.mittal.cog\.m2\repository\org\seleniumhq\selenium\selenium-safari-driver\3.141.59\selenium-safari-driver-3.141.59.jar;C:\Users\mohit.mittal.cog\.m2\repository\org\seleniumhq\selenium\selenium-support\3.141.59\selenium-support-3.141.59.jar;C:\Users\mohit.mittal.cog\.m2\repository\net\bytebuddy\byte-buddy\1.8.15\byte-buddy-1.8.15.jar;C:\Users\mohit.mittal.cog\.m2\repository\org\apache\commons\commons-exec\1.3\commons-exec-1.3.jar;C:\Users\mohit.mittal.cog\.m2\repository\com\google\guava\guava\25.0-jre\guava-25.0-jre.jar;C:\Users\mohit.mittal.cog\.m2\repository\com\google\code\findbugs\jsr305\1.3.9\jsr305-1.3.9.jar;C:\Users\mohit.mittal.cog\.m2\repository\org\checkerframework\checker-compat-qual\2.0.0\checker-compat-qual-2.0.0.jar;C:\Users\mohit.mittal.cog\.m2\repository\com\google\errorprone\error_prone_annotations\2.1.3\error_prone_annotations-2.1.3.jar;C:\Users\mohit.mittal.cog\.m2\repository\com\google\j2objc\j2objc-annotations\1.1\j2objc-annotations-1.1.jar;C:\Users\mohit.mittal.cog\.m2\repository\org\codehaus\mojo\animal-sniffer-annotations\1.14\animal-sniffer-annotations-1.14.jar;C:\Users\mohit.mittal.cog\.m2\repository\com\squareup\okhttp3\okhttp\3.11.0\okhttp-3.11.0.jar;C:\Users\mohit.mittal.cog\.m2\repository\com\squareup\okio\okio\1.14.0\okio-1.14.0.jar;C:\Users\mohit.mittal.cog\.m2\repository\org\testng\testng\6.11\testng-6.11.jar;C:\Users\mohit.mittal.cog\.m2\repository\com\beust\jcommander\1.64\jcommander-1.64.jar;C:\Users\mohit.mittal.cog\.m2\repository\org\yaml\snakeyaml\1.17\snakeyaml-1.17.jar;C:\Users\mohit.mittal.cog\.m2\repository\org\apache\poi\poi\3.9\poi-3.9.jar;C:\Users\mohit.mittal.cog\.m2\repository\commons-codec\commons-codec\1.5\commons-codec-1.5.jar;C:\Users\mohit.mittal.cog\.m2\repository\org\apache\poi\poi-ooxml\3.9\poi-ooxml-3.9.jar;C:\Users\mohit.mittal.cog\.m2\repository\dom4j\dom4j\1.6.1\dom4j-1.6.1.jar;C:\Users\mohit.mittal.cog\.m2\repository\xml-apis\xml-apis\1.0.b2\xml-apis-1.0.b2.jar;C:\Users\mohit.mittal.cog\.m2\repository\org\apache\poi\poi-ooxml-schemas\3.9\poi-ooxml-schemas-3.9.jar;C:\Users\mohit.mittal.cog\.m2\repository\org\apache\xmlbeans\xmlbeans\2.3.0\xmlbeans-2.3.0.jar;C:\Users\mohit.mittal.cog\.m2\repository\stax\stax-api\1.0.1\stax-api-1.0.1.jar;C:\Users\mohit.mittal.cog\.m2\repository\org\apache\poi\poi-scratchpad\3.9\poi-scratchpad-3.9.jar;C:\Users\mohit.mittal.cog\.m2\repository\org\apache\poi\ooxml-schemas\1.1\ooxml-schemas-1.1.jar;C:\Users\mohit.mittal.cog\.m2\repository\org\apache\poi\openxml4j\1.0-beta\openxml4j-1.0-beta.jar;C:\Users\mohit.mittal.cog\.m2\repository\log4j\log4j\1.2.8\log4j-1.2.8.jar;C:\Users\mohit.mittal.cog\.m2\repository\com\relevantcodes\extentreports\2.41.2\extentreports-2.41.2.jar;C:\Users\mohit.mittal.cog\.m2\repository\org\jsoup\jsoup\1.8.3\jsoup-1.8.3.jar;C:\Users\mohit.mittal.cog\.m2\repository\org\xerial\sqlite-jdbc\3.8.11.1\sqlite-jdbc-3.8.11.1.jar;C:\Users\mohit.mittal.cog\.m2\repository\org\freemarker\freemarker\2.3.23\freemarker-2.3.23.jar;C:\Users\mohit.mittal.cog\.m2\repository\org\mongodb\mongodb-driver\3.0.4\mongodb-driver-3.0.4.jar;C:\Users\mohit.mittal.cog\.m2\repository\org\mongodb\bson\3.0.4\bson-3.0.4.jar;C:\Users\mohit.mittal.cog\.m2\repository\org\mongodb\mongodb-driver-core\3.0.4\mongodb-driver-core-3.0.4.jar;C:\Users\mohit.mittal.cog\.m2\repository\commons-io\commons-io\2.6\commons-io-2.6.jar;C:\Users\mohit.mittal.cog\.m2\repository\org\apache\logging\log4j\log4j-api\2.13.3\log4j-api-2.13.3.jar;C:\Users\mohit.mittal.cog\.m2\repository\org\apache\logging\log4j\log4j-core\2.13.3\log4j-core-2.13.3.jar;C:\Users\mohit.mittal.cog\.m2\repository\org\slf4j\slf4j-log4j12\1.7.5\slf4j-log4j12-1.7.5.jar;C:\Users\mohit.mittal.cog\.m2\repository\org\slf4j\slf4j-api\1.7.5\slf4j-api-1.7.5.jar;C:\Users\mohit.mittal.cog\.m2\repository\com\twilio\sdk\twilio\7.1.0\twilio-7.1.0.jar;C:\Users\mohit.mittal.cog\.m2\repository\joda-time\joda-time\2.5\joda-time-2.5.jar;C:\Users\mohit.mittal.cog\.m2\repository\io\jsonwebtoken\jjwt\0.4\jjwt-0.4.jar;C:\Users\mohit.mittal.cog\.m2\repository\org\apache\httpcomponents\httpclient\4.5.2\httpclient-4.5.2.jar;C:\Users\mohit.mittal.cog\.m2\repository\commons-logging\commons-logging\1.2\commons-logging-1.2.jar;C:\Users\mohit.mittal.cog\.m2\repository\org\apache\httpcomponents\httpcore\4.4.4\httpcore-4.4.4.jar;C:\Users\mohit.mittal.cog\.m2\repository\com\fasterxml\jackson\core\jackson-core\2.4.3\jackson-core-2.4.3.jar;C:\Users\mohit.mittal.cog\.m2\repository\com\fasterxml\jackson\core\jackson-annotations\2.4.3\jackson-annotations-2.4.3.jar;C:\Users\mohit.mittal.cog\.m2\repository\com\fasterxml\jackson\core\jackson-databind\2.4.3\jackson-databind-2.4.3.jar;C:\Users\mohit.mittal.cog\.m2\repository\javax\xml\bind\jaxb-api\2.2\jaxb-api-2.2.jar;C:\Users\mohit.mittal.cog\.m2\repository\javax\xml\stream\stax-api\1.0-2\stax-api-1.0-2.jar;C:\Users\mohit.mittal.cog\.m2\repository\javax\activation\activation\1.1\activation-1.1.jar;"/>
    <property name="sun.cpu.endian" value="little"/>
    <property name="user.home" value="C:\Users\mohit.mittal.cog"/>
    <property name="user.language" value="en"/>
    <property name="java.specification.vendor" value="Oracle Corporation"/>
    <property name="java.home" value="C:\Program Files\Java\jdk1.8.0_172\jre"/>
    <property name="basedir" value="D:\D Drive\Mohit\WorkSpace_Mohit\MakaanQaAutomation"/>
    <property name="file.separator" value="\"/>
    <property name="line.separator" value="&#10;"/>
    <property name="java.vm.specification.vendor" value="Oracle Corporation"/>
    <property name="java.specification.name" value="Java Platform API Specification"/>
    <property name="java.awt.graphicsenv" value="sun.awt.Win32GraphicsEnvironment"/>
    <property name="surefire.real.class.path" value="C:\Users\mohit.mittal.cog\AppData\Local\Temp\surefire2259739176352469459\surefirebooter2565097631083552364.jar"/>
    <property name="sun.boot.class.path" value="C:\Program Files\Java\jdk1.8.0_172\jre\lib\resources.jar;C:\Program Files\Java\jdk1.8.0_172\jre\lib\rt.jar;C:\Program Files\Java\jdk1.8.0_172\jre\lib\sunrsasign.jar;C:\Program Files\Java\jdk1.8.0_172\jre\lib\jsse.jar;C:\Program Files\Java\jdk1.8.0_172\jre\lib\jce.jar;C:\Program Files\Java\jdk1.8.0_172\jre\lib\charsets.jar;C:\Program Files\Java\jdk1.8.0_172\jre\lib\jfr.jar;C:\Program Files\Java\jdk1.8.0_172\jre\classes"/>
    <property name="user.script" value=""/>
    <property name="sun.management.compiler" value="HotSpot 64-Bit Tiered Compilers"/>
    <property name="java.runtime.version" value="1.8.0_172-b11"/>
    <property name="user.name" value="mohit.mittal.cog"/>
    <property name="path.separator" value=";"/>
    <property name="os.version" value="10.0"/>
    <property name="java.endorsed.dirs" value="C:\Program Files\Java\jdk1.8.0_172\jre\lib\endorsed"/>
    <property name="java.runtime.name" value="Java(TM) SE Runtime Environment"/>
    <property name="file.encoding" value="Cp1252"/>
    <property name="java.vm.name" value="Java HotSpot(TM) 64-Bit Server VM"/>
    <property name="localRepository" value="C:\Users\mohit.mittal.cog\.m2\repository"/>
    <property name="java.vendor.url.bug" value="http://bugreport.sun.com/bugreport/"/>
    <property name="java.io.tmpdir" value="C:\Users\MOHITM~1.COG\AppData\Local\Temp\"/>
    <property name="java.version" value="1.8.0_172"/>
    <property name="user.dir" value="D:\D Drive\Mohit\WorkSpace_Mohit\MakaanQaAutomation"/>
    <property name="os.arch" value="amd64"/>
    <property name="java.vm.specification.name" value="Java Virtual Machine Specification"/>
    <property name="java.awt.printerjob" value="sun.awt.windows.WPrinterJob"/>
    <property name="sun.os.patch.level" value=""/>
    <property name="java.library.path" value="C:\Program Files\Java\jdk1.8.0_172\jre\bin;C:\Windows\Sun\Java\bin;C:\Windows\system32;C:\Windows;C:\Users\mohit.mittal.cog\.jenkins\tools\hudson.tasks.Maven_MavenInstallation\TestMaven/bin;C:\Program Files\Java\jdk1.8.0_172/bin;C:\Program Files\Java\jdk1.8.0_172/bin;C:\Program Files (x86)\Common Files\Oracle\Java\javapath;C:\Windows\system32;C:\Windows;C:\Windows\System32\Wbem;C:\Windows\System32\WindowsPowerShell\v1.0\;C:\Windows\System32\OpenSSH\;C:\Program Files\TortoiseSVN\bin;C:\Program Files\Java\jdk1.8.0_172\bin;C:\Program Files\apache-maven-3.6.3\bin;C:\Users\mohit.mittal.cog\AppData\Local\Microsoft\WindowsApps;C:\Users\mohit.mittal.cog\AppData\Local\Programs\Git\cmd;."/>
    <property name="java.vm.info" value="mixed mode"/>
    <property name="java.vendor" value="Oracle Corporation"/>
    <property name="java.vm.version" value="25.172-b11"/>
    <property name="java.ext.dirs" value="C:\Program Files\Java\jdk1.8.0_172\jre\lib\ext;C:\Windows\Sun\Java\lib\ext"/>
    <property name="sun.io.unicode.encoding" value="UnicodeLittle"/>
    <property name="java.class.version" value="52.0"/>
  </properties>
  <testcase name="verifylogo" classname="com.makaan.qa.testpages.HomePageTest" time="1.486">
    <system-out><![CDATA[Before navigating to: 'https://www.makaan.com/'
Navigated to:'https://www.makaan.com/'
[INFO ] 2020-07-17 22:19:22.558 [main] HomePage - This function is for logo verification
Trying to find Element By : By.xpath: //img[@itemprop='image']
Found Element By : By.xpath: //img[@itemprop='image']
]]></system-out>
    <system-err><![CDATA[Starting ChromeDriver 2.38.552522 (437e6fbedfa8762dec75e2c5b3ddb86763dc9dcb) on port 47751
Only local connections are allowed.
Jul 17, 2020 10:19:13 PM org.openqa.selenium.remote.ProtocolHandshake createSession
INFO: Detected dialect: OSS
]]></system-err>
  </testcase>
  <testcase name="verifylist" classname="com.makaan.qa.testpages.HomePageTest" time="1.417">
    <system-out><![CDATA[Before navigating to: 'https://www.makaan.com/'
Navigated to:'https://www.makaan.com/'
[INFO ] 2020-07-17 22:21:19.347 [main] HomePage - This function is to verify buy rent and agents options
Trying to find Element By : By.xpath: //span[text()='Buy']/../../li/span
Found Element By : By.xpath: //span[text()='Buy']/../../li/span
Trying to find Element By : By.xpath: //span[text()='Buy']/../../li/span
Found Element By : By.xpath: //span[text()='Buy']/../../li/span
Trying to click on: [[ChromeDriver: chrome on XP (9693560b25ec68fa630d2c86a09ec7a3)] -> xpath: //span[text()='Buy']/../../li/span]
Clicked on: [[ChromeDriver: chrome on XP (9693560b25ec68fa630d2c86a09ec7a3)] -> xpath: //span[text()='Buy']/../../li/span]
Trying to find Element By : By.xpath: //span[text()='Buy']/../../li/span
Found Element By : By.xpath: //span[text()='Buy']/../../li/span
Trying to click on: [[ChromeDriver: chrome on XP (9693560b25ec68fa630d2c86a09ec7a3)] -> xpath: //span[text()='Buy']/../../li/span]
Clicked on: [[ChromeDriver: chrome on XP (9693560b25ec68fa630d2c86a09ec7a3)] -> xpath: //span[text()='Buy']/../../li/span]
Trying to find Element By : By.xpath: //span[text()='Buy']/../../li/span
Found Element By : By.xpath: //span[text()='Buy']/../../li/span
Trying to click on: [[ChromeDriver: chrome on XP (9693560b25ec68fa630d2c86a09ec7a3)] -> xpath: //span[text()='Buy']/../../li/span]
Clicked on: [[ChromeDriver: chrome on XP (9693560b25ec68fa630d2c86a09ec7a3)] -> xpath: //span[text()='Buy']/../../li/span]
]]></system-out>
    <system-err><![CDATA[Starting ChromeDriver 2.38.552522 (437e6fbedfa8762dec75e2c5b3ddb86763dc9dcb) on port 31378
Only local connections are allowed.
Jul 17, 2020 10:21:16 PM org.openqa.selenium.remote.ProtocolHandshake createSession
INFO: Detected dialect: OSS
]]></system-err>
  </testcase>
  <testcase name="verify_buy_gettext" classname="com.makaan.qa.testpages.HomePageTest" time="20.501">
    <failure message="Expected condition failed: waiting for text (&apos;pick location, builder or project&apos;) to be present in element [[ChromeDriver: chrome on XP (50b788335a99724d24f0a422d802ee05)] -&gt; xpath: (//input[@class=&apos;js-input thinput&apos;])[2]] (tried for 20 second(s) with 500 milliseconds interval)&#10;Build info: version: &apos;3.141.59&apos;, revision: &apos;e82be7d358&apos;, time: &apos;2018-11-14T08:17:03&apos;&#10;System info: host: &apos;JFSF16135683&apos;, ip: &apos;172.20.17.34&apos;, os.name: &apos;Windows 10&apos;, os.arch: &apos;amd64&apos;, os.version: &apos;10.0&apos;, java.version: &apos;1.8.0_172&apos;&#10;Driver info: org.openqa.selenium.support.events.EventFiringWebDriver&#10;Capabilities {acceptInsecureCerts: false, acceptSslCerts: false, applicationCacheEnabled: false, browserConnectionEnabled: false, browserName: chrome, chrome: {chromedriverVersion: 2.38.552522 (437e6fbedfa876..., userDataDir: C:\Users\MOHITM~1.COG\AppDa...}, cssSelectorsEnabled: true, databaseEnabled: false, handlesAlerts: true, hasTouchScreen: false, javascriptEnabled: true, locationContextEnabled: true, mobileEmulationEnabled: false, nativeEvents: true, networkConnectionEnabled: false, pageLoadStrategy: normal, platform: XP, platformName: XP, rotatable: false, setWindowRect: true, takesHeapSnapshot: true, takesScreenshot: true, unexpectedAlertBehaviour: , unhandledPromptBehavior: , version: 84.0.4147.89, webStorageEnabled: true}&#10;Session ID: 50b788335a99724d24f0a422d802ee05" type="org.openqa.selenium.TimeoutException"><![CDATA[org.openqa.selenium.TimeoutException: 
Expected condition failed: waiting for text ('pick location, builder or project') to be present in element [[ChromeDriver: chrome on XP (50b788335a99724d24f0a422d802ee05)] -> xpath: (//input[@class='js-input thinput'])[2]] (tried for 20 second(s) with 500 milliseconds interval)
Build info: version: '3.141.59', revision: 'e82be7d358', time: '2018-11-14T08:17:03'
System info: host: 'JFSF16135683', ip: '172.20.17.34', os.name: 'Windows 10', os.arch: 'amd64', os.version: '10.0', java.version: '1.8.0_172'
Driver info: org.openqa.selenium.support.events.EventFiringWebDriver
Capabilities {acceptInsecureCerts: false, acceptSslCerts: false, applicationCacheEnabled: false, browserConnectionEnabled: false, browserName: chrome, chrome: {chromedriverVersion: 2.38.552522 (437e6fbedfa876..., userDataDir: C:\Users\MOHITM~1.COG\AppDa...}, cssSelectorsEnabled: true, databaseEnabled: false, handlesAlerts: true, hasTouchScreen: false, javascriptEnabled: true, locationContextEnabled: true, mobileEmulationEnabled: false, nativeEvents: true, networkConnectionEnabled: false, pageLoadStrategy: normal, platform: XP, platformName: XP, rotatable: false, setWindowRect: true, takesHeapSnapshot: true, takesScreenshot: true, unexpectedAlertBehaviour: , unhandledPromptBehavior: , version: 84.0.4147.89, webStorageEnabled: true}
Session ID: 50b788335a99724d24f0a422d802ee05
	at com.makaan.qa.testpages.HomePageTest.verify_buy_gettext(HomePageTest.java:40)
]]></failure>
    <system-out><![CDATA[Before navigating to: 'https://www.makaan.com/'
Navigated to:'https://www.makaan.com/'
[INFO ] 2020-07-17 22:21:57.706 [main] HomePage - This function is to verify buy option
Trying to find Element By : By.xpath: (//input[@class='js-input thinput'])[2]
Found Element By : By.xpath: (//input[@class='js-input thinput'])[2]
Trying to find Element By : By.xpath: (//input[@class='js-input thinput'])[2]
Found Element By : By.xpath: (//input[@class='js-input thinput'])[2]
Trying to find Element By : By.xpath: (//input[@class='js-input thinput'])[2]
Found Element By : By.xpath: (//input[@class='js-input thinput'])[2]
Trying to find Element By : By.xpath: (//input[@class='js-input thinput'])[2]
Found Element By : By.xpath: (//input[@class='js-input thinput'])[2]
Trying to find Element By : By.xpath: (//input[@class='js-input thinput'])[2]
Found Element By : By.xpath: (//input[@class='js-input thinput'])[2]
Trying to find Element By : By.xpath: (//input[@class='js-input thinput'])[2]
Found Element By : By.xpath: (//input[@class='js-input thinput'])[2]
Trying to find Element By : By.xpath: (//input[@class='js-input thinput'])[2]
Found Element By : By.xpath: (//input[@class='js-input thinput'])[2]
Trying to find Element By : By.xpath: (//input[@class='js-input thinput'])[2]
Found Element By : By.xpath: (//input[@class='js-input thinput'])[2]
Trying to find Element By : By.xpath: (//input[@class='js-input thinput'])[2]
Found Element By : By.xpath: (//input[@class='js-input thinput'])[2]
Trying to find Element By : By.xpath: (//input[@class='js-input thinput'])[2]
Found Element By : By.xpath: (//input[@class='js-input thinput'])[2]
Trying to find Element By : By.xpath: (//input[@class='js-input thinput'])[2]
Found Element By : By.xpath: (//input[@class='js-input thinput'])[2]
Trying to find Element By : By.xpath: (//input[@class='js-input thinput'])[2]
Found Element By : By.xpath: (//input[@class='js-input thinput'])[2]
Trying to find Element By : By.xpath: (//input[@class='js-input thinput'])[2]
Found Element By : By.xpath: (//input[@class='js-input thinput'])[2]
Trying to find Element By : By.xpath: (//input[@class='js-input thinput'])[2]
Found Element By : By.xpath: (//input[@class='js-input thinput'])[2]
Trying to find Element By : By.xpath: (//input[@class='js-input thinput'])[2]
Found Element By : By.xpath: (//input[@class='js-input thinput'])[2]
Trying to find Element By : By.xpath: (//input[@class='js-input thinput'])[2]
Found Element By : By.xpath: (//input[@class='js-input thinput'])[2]
Trying to find Element By : By.xpath: (//input[@class='js-input thinput'])[2]
Found Element By : By.xpath: (//input[@class='js-input thinput'])[2]
Trying to find Element By : By.xpath: (//input[@class='js-input thinput'])[2]
Found Element By : By.xpath: (//input[@class='js-input thinput'])[2]
Trying to find Element By : By.xpath: (//input[@class='js-input thinput'])[2]
Found Element By : By.xpath: (//input[@class='js-input thinput'])[2]
Trying to find Element By : By.xpath: (//input[@class='js-input thinput'])[2]
Found Element By : By.xpath: (//input[@class='js-input thinput'])[2]
Trying to find Element By : By.xpath: (//input[@class='js-input thinput'])[2]
Found Element By : By.xpath: (//input[@class='js-input thinput'])[2]
Trying to find Element By : By.xpath: (//input[@class='js-input thinput'])[2]
Found Element By : By.xpath: (//input[@class='js-input thinput'])[2]
Trying to find Element By : By.xpath: (//input[@class='js-input thinput'])[2]
Found Element By : By.xpath: (//input[@class='js-input thinput'])[2]
Trying to find Element By : By.xpath: (//input[@class='js-input thinput'])[2]
Found Element By : By.xpath: (//input[@class='js-input thinput'])[2]
Trying to find Element By : By.xpath: (//input[@class='js-input thinput'])[2]
Found Element By : By.xpath: (//input[@class='js-input thinput'])[2]
Trying to find Element By : By.xpath: (//input[@class='js-input thinput'])[2]
Found Element By : By.xpath: (//input[@class='js-input thinput'])[2]
Trying to find Element By : By.xpath: (//input[@class='js-input thinput'])[2]
Found Element By : By.xpath: (//input[@class='js-input thinput'])[2]
Trying to find Element By : By.xpath: (//input[@class='js-input thinput'])[2]
Found Element By : By.xpath: (//input[@class='js-input thinput'])[2]
Trying to find Element By : By.xpath: (//input[@class='js-input thinput'])[2]
Found Element By : By.xpath: (//input[@class='js-input thinput'])[2]
Trying to find Element By : By.xpath: (//input[@class='js-input thinput'])[2]
Found Element By : By.xpath: (//input[@class='js-input thinput'])[2]
Trying to find Element By : By.xpath: (//input[@class='js-input thinput'])[2]
Found Element By : By.xpath: (//input[@class='js-input thinput'])[2]
Trying to find Element By : By.xpath: (//input[@class='js-input thinput'])[2]
Found Element By : By.xpath: (//input[@class='js-input thinput'])[2]
Trying to find Element By : By.xpath: (//input[@class='js-input thinput'])[2]
Found Element By : By.xpath: (//input[@class='js-input thinput'])[2]
Trying to find Element By : By.xpath: (//input[@class='js-input thinput'])[2]
Found Element By : By.xpath: (//input[@class='js-input thinput'])[2]
Trying to find Element By : By.xpath: (//input[@class='js-input thinput'])[2]
Found Element By : By.xpath: (//input[@class='js-input thinput'])[2]
Trying to find Element By : By.xpath: (//input[@class='js-input thinput'])[2]
Found Element By : By.xpath: (//input[@class='js-input thinput'])[2]
Trying to find Element By : By.xpath: (//input[@class='js-input thinput'])[2]
Found Element By : By.xpath: (//input[@class='js-input thinput'])[2]
]]></system-out>
    <system-err><![CDATA[Starting ChromeDriver 2.38.552522 (437e6fbedfa8762dec75e2c5b3ddb86763dc9dcb) on port 26789
Only local connections are allowed.
Jul 17, 2020 10:21:54 PM org.openqa.selenium.remote.ProtocolHandshake createSession
INFO: Detected dialect: OSS
]]></system-err>
  </testcase>
  <testcase name="verify_rent_gettext" classname="com.makaan.qa.testpages.HomePageTest" time="1.293">
    <system-out><![CDATA[Before navigating to: 'https://www.makaan.com/'
Navigated to:'https://www.makaan.com/'
[INFO ] 2020-07-17 22:22:39.909 [main] HomePage - This function is to verify rent option
Trying to find Element By : By.xpath: //span[text()='Rent']
Found Element By : By.xpath: //span[text()='Rent']
Trying to click on: [[ChromeDriver: chrome on XP (a9ca55d7c62a8ee5c0a09a07e0823137)] -> xpath: //span[text()='Rent']]
Clicked on: [[ChromeDriver: chrome on XP (a9ca55d7c62a8ee5c0a09a07e0823137)] -> xpath: //span[text()='Rent']]
Trying to find Element By : By.xpath: (//input[@class='js-input thinput'])[2]
Found Element By : By.xpath: (//input[@class='js-input thinput'])[2]
pick location or project
]]></system-out>
    <system-err><![CDATA[Starting ChromeDriver 2.38.552522 (437e6fbedfa8762dec75e2c5b3ddb86763dc9dcb) on port 33788
Only local connections are allowed.
Jul 17, 2020 10:22:36 PM org.openqa.selenium.remote.ProtocolHandshake createSession
INFO: Detected dialect: OSS
]]></system-err>
  </testcase>
  <testcase name="verify_agents_gettext" classname="com.makaan.qa.testpages.HomePageTest" time="0.928">
    <system-out><![CDATA[Before navigating to: 'https://www.makaan.com/'
Navigated to:'https://www.makaan.com/'
[INFO ] 2020-07-17 22:22:48.498 [main] HomePage - This function is to verify agents option
Trying to find Element By : By.xpath: //span[text()='Agents']
Found Element By : By.xpath: //span[text()='Agents']
Trying to click on: [[ChromeDriver: chrome on XP (2eecf6ee43ba30c9faec9a405c6f1666)] -> xpath: //span[text()='Agents']]
Clicked on: [[ChromeDriver: chrome on XP (2eecf6ee43ba30c9faec9a405c6f1666)] -> xpath: //span[text()='Agents']]
Trying to find Element By : By.xpath: (//input[@class='js-input thinput'])[2]
Found Element By : By.xpath: (//input[@class='js-input thinput'])[2]
search by location, project or landmark
]]></system-out>
    <system-err><![CDATA[Starting ChromeDriver 2.38.552522 (437e6fbedfa8762dec75e2c5b3ddb86763dc9dcb) on port 42763
Only local connections are allowed.
Jul 17, 2020 10:22:45 PM org.openqa.selenium.remote.ProtocolHandshake createSession
INFO: Detected dialect: OSS
]]></system-err>
  </testcase>
  <testcase name="verifytitle" classname="com.makaan.qa.testpages.LoginTestPage" time="0.069">
    <system-out><![CDATA[Before navigating to: 'https://www.makaan.com/'
Navigated to:'https://www.makaan.com/'
[INFO ] 2020-07-17 22:19:32.196 [main] LoginPage - This is Login Page Title
]]></system-out>
    <system-err><![CDATA[Starting ChromeDriver 2.38.552522 (437e6fbedfa8762dec75e2c5b3ddb86763dc9dcb) on port 4062
Only local connections are allowed.
Jul 17, 2020 10:19:28 PM org.openqa.selenium.remote.ProtocolHandshake createSession
INFO: Detected dialect: OSS
]]></system-err>
  </testcase>
  <testcase name="verifylogin" classname="com.makaan.qa.testpages.LoginTestPage" time="5.614">
    <system-out><![CDATA[Before navigating to: 'https://www.makaan.com/'
Navigated to:'https://www.makaan.com/'
[INFO ] 2020-07-17 22:21:44.146 [main] LoginPage - Click on login button
Trying to find Element By : By.xpath: //div[text()='Log In']
Found Element By : By.xpath: //div[text()='Log In']
Trying to find Element By : By.xpath: //div[text()='Log In']
Found Element By : By.xpath: //div[text()='Log In']
Trying to find Element By : By.xpath: //div[text()='Log In']
Found Element By : By.xpath: //div[text()='Log In']
Trying to find Element By : By.xpath: //div[text()='Log In']
Found Element By : By.xpath: //div[text()='Log In']
Trying to find Element By : By.xpath: //div[text()='Log In']
Found Element By : By.xpath: //div[text()='Log In']
Trying to click on: [[ChromeDriver: chrome on XP (cbeff438f501e6ca548e51bd30e6b598)] -> xpath: //div[text()='Log In']]
Clicked on: [[ChromeDriver: chrome on XP (cbeff438f501e6ca548e51bd30e6b598)] -> xpath: //div[text()='Log In']]
[INFO ] 2020-07-17 22:21:45.905 [main] LoginPage - Click on email button
Trying to find Element By : By.xpath: //div[text()='Login with email']
Found Element By : By.xpath: //div[text()='Login with email']
Trying to find Element By : By.xpath: //div[text()='Login with email']
Found Element By : By.xpath: //div[text()='Login with email']
Trying to find Element By : By.xpath: //div[text()='Login with email']
Found Element By : By.xpath: //div[text()='Login with email']
Trying to click on: [[ChromeDriver: chrome on XP (cbeff438f501e6ca548e51bd30e6b598)] -> xpath: //div[text()='Login with email']]
Clicked on: [[ChromeDriver: chrome on XP (cbeff438f501e6ca548e51bd30e6b598)] -> xpath: //div[text()='Login with email']]
[INFO ] 2020-07-17 22:21:47.143 [main] LoginPage - Enter test data in email and password fields
Trying to find Element By : By.id: username
Found Element By : By.id: username
Trying to find Element By : By.id: username
Found Element By : By.id: username
Trying to find Element By : By.id: password
Found Element By : By.id: password
Trying to find Element By : By.id: password
Found Element By : By.id: password
Trying to find Element By : By.xpath: //div[text()='Login']
Found Element By : By.xpath: //div[text()='Login']
Trying to find Element By : By.xpath: //div[text()='Login']
Found Element By : By.xpath: //div[text()='Login']
Trying to find Element By : By.xpath: //div[text()='Login']
Found Element By : By.xpath: //div[text()='Login']
Trying to click on: [[ChromeDriver: chrome on XP (cbeff438f501e6ca548e51bd30e6b598)] -> xpath: //div[text()='Login']]
Clicked on: [[ChromeDriver: chrome on XP (cbeff438f501e6ca548e51bd30e6b598)] -> xpath: //div[text()='Login']]
]]></system-out>
    <system-err><![CDATA[Starting ChromeDriver 2.38.552522 (437e6fbedfa8762dec75e2c5b3ddb86763dc9dcb) on port 5562
Only local connections are allowed.
Jul 17, 2020 10:21:40 PM org.openqa.selenium.remote.ProtocolHandshake createSession
INFO: Detected dialect: OSS
]]></system-err>
  </testcase>
  <testcase name="verifylogout" classname="com.makaan.qa.testpages.LogoutTestPage" time="11.246">
    <system-out><![CDATA[Before navigating to: 'https://www.makaan.com/'
Navigated to:'https://www.makaan.com/'
[INFO ] 2020-07-17 22:19:40.350 [main] LoginPage - Click on login button
Trying to find Element By : By.xpath: //div[text()='Log In']
Found Element By : By.xpath: //div[text()='Log In']
Trying to find Element By : By.xpath: //div[text()='Log In']
Found Element By : By.xpath: //div[text()='Log In']
Trying to find Element By : By.xpath: //div[text()='Log In']
Found Element By : By.xpath: //div[text()='Log In']
Trying to find Element By : By.xpath: //div[text()='Log In']
Found Element By : By.xpath: //div[text()='Log In']
Trying to click on: [[ChromeDriver: chrome on XP (4e518d52b082689064166898695485f2)] -> xpath: //div[text()='Log In']]
Clicked on: [[ChromeDriver: chrome on XP (4e518d52b082689064166898695485f2)] -> xpath: //div[text()='Log In']]
[INFO ] 2020-07-17 22:19:41.902 [main] LoginPage - Click on email button
Trying to find Element By : By.xpath: //div[text()='Login with email']
Found Element By : By.xpath: //div[text()='Login with email']
Trying to find Element By : By.xpath: //div[text()='Login with email']
Found Element By : By.xpath: //div[text()='Login with email']
Trying to find Element By : By.xpath: //div[text()='Login with email']
Found Element By : By.xpath: //div[text()='Login with email']
Trying to click on: [[ChromeDriver: chrome on XP (4e518d52b082689064166898695485f2)] -> xpath: //div[text()='Login with email']]
Clicked on: [[ChromeDriver: chrome on XP (4e518d52b082689064166898695485f2)] -> xpath: //div[text()='Login with email']]
[INFO ] 2020-07-17 22:19:42.882 [main] LoginPage - Enter test data in email and password fields
Trying to find Element By : By.id: username
Found Element By : By.id: username
Trying to find Element By : By.id: username
Found Element By : By.id: username
Trying to find Element By : By.id: password
Found Element By : By.id: password
Trying to find Element By : By.id: password
Found Element By : By.id: password
Trying to find Element By : By.xpath: //div[text()='Login']
Found Element By : By.xpath: //div[text()='Login']
Trying to find Element By : By.xpath: //div[text()='Login']
Found Element By : By.xpath: //div[text()='Login']
Trying to find Element By : By.xpath: //div[text()='Login']
Found Element By : By.xpath: //div[text()='Login']
Trying to click on: [[ChromeDriver: chrome on XP (4e518d52b082689064166898695485f2)] -> xpath: //div[text()='Login']]
Clicked on: [[ChromeDriver: chrome on XP (4e518d52b082689064166898695485f2)] -> xpath: //div[text()='Login']]
Trying to find Element By : By.xpath: //ul[@class='hamburger-icon']
Found Element By : By.xpath: //ul[@class='hamburger-icon']
Trying to find Element By : By.xpath: //ul[@class='hamburger-icon']
Found Element By : By.xpath: //ul[@class='hamburger-icon']
Trying to find Element By : By.xpath: //ul[@class='hamburger-icon']
Found Element By : By.xpath: //ul[@class='hamburger-icon']
Trying to find Element By : By.xpath: //li[@id='loginchecker']
Found Element By : By.xpath: //li[@id='loginchecker']
Trying to find Element By : By.xpath: //li[@id='loginchecker']
Found Element By : By.xpath: //li[@id='loginchecker']
Trying to find Element By : By.xpath: //li[@id='loginchecker']
Found Element By : By.xpath: //li[@id='loginchecker']
Trying to find Element By : By.xpath: //li[@id='loginchecker']
Found Element By : By.xpath: //li[@id='loginchecker']
Trying to click on: [[ChromeDriver: chrome on XP (4e518d52b082689064166898695485f2)] -> xpath: //li[@id='loginchecker']]
Clicked on: [[ChromeDriver: chrome on XP (4e518d52b082689064166898695485f2)] -> xpath: //li[@id='loginchecker']]
]]></system-out>
    <system-err><![CDATA[Starting ChromeDriver 2.38.552522 (437e6fbedfa8762dec75e2c5b3ddb86763dc9dcb) on port 2981
Only local connections are allowed.
Jul 17, 2020 10:19:36 PM org.openqa.selenium.remote.ProtocolHandshake createSession
INFO: Detected dialect: OSS
]]></system-err>
  </testcase>
  <testcase name="verifymobilenumber" classname="com.makaan.qa.testpages.GetAppLinkTestPage" time="1.427">
    <system-out><![CDATA[Before navigating to: 'https://www.makaan.com/'
Navigated to:'https://www.makaan.com/'
[INFO ] 2020-07-17 22:19:59.728 [main] GetAppLinkPage - enter mobile number
Trying to find Element By : By.xpath: //input[@name='get the app on phone']
Found Element By : By.xpath: //input[@name='get the app on phone']
Trying to find Element By : By.xpath: //input[@class='sendbtn']
Found Element By : By.xpath: //input[@class='sendbtn']
Trying to click on: [[ChromeDriver: chrome on XP (d5e090213595a160d4f39cabe64d7756)] -> xpath: //input[@class='sendbtn']]
Clicked on: [[ChromeDriver: chrome on XP (d5e090213595a160d4f39cabe64d7756)] -> xpath: //input[@class='sendbtn']]
]]></system-out>
    <system-err><![CDATA[Starting ChromeDriver 2.38.552522 (437e6fbedfa8762dec75e2c5b3ddb86763dc9dcb) on port 25806
Only local connections are allowed.
Jul 17, 2020 10:19:55 PM org.openqa.selenium.remote.ProtocolHandshake createSession
INFO: Detected dialect: OSS
]]></system-err>
  </testcase>
  <testcase name="verify_play_store_link" classname="com.makaan.qa.testpages.GetAppLinkTestPage" time="0.813">
    <system-out><![CDATA[Before navigating to: 'https://www.makaan.com/'
Navigated to:'https://www.makaan.com/'
[INFO ] 2020-07-17 22:21:10.841 [main] GetAppLinkPage - Click on play store link
Trying to find Element By : By.xpath: //div[@class='link-wrap']/a[1]
Found Element By : By.xpath: //div[@class='link-wrap']/a[1]
Trying to click on: [[ChromeDriver: chrome on XP (036edd91e98b4b6067b35cc4caf3ef3d)] -> xpath: //div[@class='link-wrap']/a[1]]
Clicked on: [[ChromeDriver: chrome on XP (036edd91e98b4b6067b35cc4caf3ef3d)] -> xpath: //div[@class='link-wrap']/a[1]]
Property in India | Indian Real Estate | Property Website
]]></system-out>
    <system-err><![CDATA[Starting ChromeDriver 2.38.552522 (437e6fbedfa8762dec75e2c5b3ddb86763dc9dcb) on port 11249
Only local connections are allowed.
Jul 17, 2020 10:21:06 PM org.openqa.selenium.remote.ProtocolHandshake createSession
INFO: Detected dialect: OSS
]]></system-err>
  </testcase>
  <testcase name="verify_app_store_link" classname="com.makaan.qa.testpages.GetAppLinkTestPage" time="5.421">
    <system-out><![CDATA[Before navigating to: 'https://www.makaan.com/'
Navigated to:'https://www.makaan.com/'
[INFO ] 2020-07-17 22:22:26.092 [main] GetAppLinkPage - Click on app store link
Trying to find Element By : By.xpath: //div[@class='link-wrap']/a[2]
Found Element By : By.xpath: //div[@class='link-wrap']/a[2]
Trying to click on: [[ChromeDriver: chrome on XP (1424619ea9296a7f2158bcb1911469fc)] -> xpath: //div[@class='link-wrap']/a[2]]
Clicked on: [[ChromeDriver: chrome on XP (1424619ea9296a7f2158bcb1911469fc)] -> xpath: //div[@class='link-wrap']/a[2]]
]]></system-out>
    <system-err><![CDATA[Starting ChromeDriver 2.38.552522 (437e6fbedfa8762dec75e2c5b3ddb86763dc9dcb) on port 33395
Only local connections are allowed.
Jul 17, 2020 10:22:22 PM org.openqa.selenium.remote.ProtocolHandshake createSession
INFO: Detected dialect: OSS
]]></system-err>
  </testcase>
  <testcase name="verifyforgotpasswrod" classname="com.makaan.qa.testpages.ForgotTestPage" time="3.214">
    <system-out><![CDATA[Before navigating to: 'https://www.makaan.com/'
Navigated to:'https://www.makaan.com/'
[INFO ] 2020-07-17 22:20:09.627 [main] LoginPage - Click on login button
Trying to find Element By : By.xpath: //div[text()='Log In']
Found Element By : By.xpath: //div[text()='Log In']
Trying to find Element By : By.xpath: //div[text()='Log In']
Found Element By : By.xpath: //div[text()='Log In']
Trying to find Element By : By.xpath: //div[text()='Log In']
Found Element By : By.xpath: //div[text()='Log In']
Trying to click on: [[ChromeDriver: chrome on XP (295fde05b918175a2fd625633fb7f700)] -> xpath: //div[text()='Log In']]
Clicked on: [[ChromeDriver: chrome on XP (295fde05b918175a2fd625633fb7f700)] -> xpath: //div[text()='Log In']]
[INFO ] 2020-07-17 22:20:11.078 [main] LoginPage - Click on email button
Trying to find Element By : By.xpath: //div[text()='Login with email']
Found Element By : By.xpath: //div[text()='Login with email']
Trying to find Element By : By.xpath: //div[text()='Login with email']
Found Element By : By.xpath: //div[text()='Login with email']
Trying to find Element By : By.xpath: //div[text()='Login with email']
Found Element By : By.xpath: //div[text()='Login with email']
Trying to click on: [[ChromeDriver: chrome on XP (295fde05b918175a2fd625633fb7f700)] -> xpath: //div[text()='Login with email']]
Clicked on: [[ChromeDriver: chrome on XP (295fde05b918175a2fd625633fb7f700)] -> xpath: //div[text()='Login with email']]
[INFO ] 2020-07-17 22:20:11.925 [main] ForgetPage - This function is to click on forgot password button
Trying to find Element By : By.xpath: //a[text()='Forgot password?']
Found Element By : By.xpath: //a[text()='Forgot password?']
Trying to find Element By : By.xpath: //a[text()='Forgot password?']
Found Element By : By.xpath: //a[text()='Forgot password?']
Trying to find Element By : By.xpath: //a[text()='Forgot password?']
Found Element By : By.xpath: //a[text()='Forgot password?']
Trying to find Element By : By.xpath: //a[text()='Forgot password?']
Found Element By : By.xpath: //a[text()='Forgot password?']
Trying to click on: [[ChromeDriver: chrome on XP (295fde05b918175a2fd625633fb7f700)] -> xpath: //a[text()='Forgot password?']]
Clicked on: [[ChromeDriver: chrome on XP (295fde05b918175a2fd625633fb7f700)] -> xpath: //a[text()='Forgot password?']]
]]></system-out>
    <system-err><![CDATA[Starting ChromeDriver 2.38.552522 (437e6fbedfa8762dec75e2c5b3ddb86763dc9dcb) on port 41759
Only local connections are allowed.
Jul 17, 2020 10:20:05 PM org.openqa.selenium.remote.ProtocolHandshake createSession
INFO: Detected dialect: OSS
]]></system-err>
  </testcase>
  <testcase name="verify_send_otp" classname="com.makaan.qa.testpages.ForgotTestPage" time="7.538">
    <system-out><![CDATA[Before navigating to: 'https://www.makaan.com/'
Navigated to:'https://www.makaan.com/'
[INFO ] 2020-07-17 22:21:28.705 [main] LoginPage - Click on login button
Trying to find Element By : By.xpath: //div[text()='Log In']
Found Element By : By.xpath: //div[text()='Log In']
Trying to find Element By : By.xpath: //div[text()='Log In']
Found Element By : By.xpath: //div[text()='Log In']
Trying to find Element By : By.xpath: //div[text()='Log In']
Found Element By : By.xpath: //div[text()='Log In']
Trying to find Element By : By.xpath: //div[text()='Log In']
Found Element By : By.xpath: //div[text()='Log In']
Trying to find Element By : By.xpath: //div[text()='Log In']
Found Element By : By.xpath: //div[text()='Log In']
Trying to click on: [[ChromeDriver: chrome on XP (f541869bee3a7de1e2e89dbc43dac7a6)] -> xpath: //div[text()='Log In']]
Clicked on: [[ChromeDriver: chrome on XP (f541869bee3a7de1e2e89dbc43dac7a6)] -> xpath: //div[text()='Log In']]
[INFO ] 2020-07-17 22:21:30.273 [main] LoginPage - Click on email button
Trying to find Element By : By.xpath: //div[text()='Login with email']
Found Element By : By.xpath: //div[text()='Login with email']
Trying to find Element By : By.xpath: //div[text()='Login with email']
Found Element By : By.xpath: //div[text()='Login with email']
Trying to find Element By : By.xpath: //div[text()='Login with email']
Found Element By : By.xpath: //div[text()='Login with email']
Trying to click on: [[ChromeDriver: chrome on XP (f541869bee3a7de1e2e89dbc43dac7a6)] -> xpath: //div[text()='Login with email']]
Clicked on: [[ChromeDriver: chrome on XP (f541869bee3a7de1e2e89dbc43dac7a6)] -> xpath: //div[text()='Login with email']]
[INFO ] 2020-07-17 22:21:31.100 [main] ForgetPage - This function is to click on forgot password button
Trying to find Element By : By.xpath: //a[text()='Forgot password?']
Found Element By : By.xpath: //a[text()='Forgot password?']
Trying to find Element By : By.xpath: //a[text()='Forgot password?']
Found Element By : By.xpath: //a[text()='Forgot password?']
Trying to find Element By : By.xpath: //a[text()='Forgot password?']
Found Element By : By.xpath: //a[text()='Forgot password?']
Trying to find Element By : By.xpath: //a[text()='Forgot password?']
Found Element By : By.xpath: //a[text()='Forgot password?']
Trying to click on: [[ChromeDriver: chrome on XP (f541869bee3a7de1e2e89dbc43dac7a6)] -> xpath: //a[text()='Forgot password?']]
Clicked on: [[ChromeDriver: chrome on XP (f541869bee3a7de1e2e89dbc43dac7a6)] -> xpath: //a[text()='Forgot password?']]
[INFO ] 2020-07-17 22:21:32.052 [main] ForgetPage - This function is to verify forgot password funcionality
Trying to find Element By : By.xpath: //input[@class='js-email']
Found Element By : By.xpath: //input[@class='js-email']
Trying to find Element By : By.xpath: //div[text()='Send OTP']
Found Element By : By.xpath: //div[text()='Send OTP']
Trying to click on: [[ChromeDriver: chrome on XP (f541869bee3a7de1e2e89dbc43dac7a6)] -> xpath: //div[text()='Send OTP']]
Clicked on: [[ChromeDriver: chrome on XP (f541869bee3a7de1e2e89dbc43dac7a6)] -> xpath: //div[text()='Send OTP']]
Trying to find Element By : By.xpath: //span[@id='update-password-email']/../span[4]
Found Element By : By.xpath: //span[@id='update-password-email']/../span[4]
Trying to find Element By : By.xpath: //span[@id='update-password-email']/../span[4]
Found Element By : By.xpath: //span[@id='update-password-email']/../span[4]
Trying to find Element By : By.xpath: //span[@id='update-password-email']/../span[4]
Found Element By : By.xpath: //span[@id='update-password-email']/../span[4]
Trying to find Element By : By.xpath: //span[@id='update-password-email']/../span[4]
Found Element By : By.xpath: //span[@id='update-password-email']/../span[4]
Trying to find Element By : By.xpath: //span[@id='update-password-email']/../span[4]
Found Element By : By.xpath: //span[@id='update-password-email']/../span[4]
Trying to find Element By : By.xpath: //span[@id='update-password-email']/../span[4]
Found Element By : By.xpath: //span[@id='update-password-email']/../span[4]
An OTP has been sent to your registered email and mobile
]]></system-out>
    <system-err><![CDATA[Starting ChromeDriver 2.38.552522 (437e6fbedfa8762dec75e2c5b3ddb86763dc9dcb) on port 13874
Only local connections are allowed.
Jul 17, 2020 10:21:25 PM org.openqa.selenium.remote.ProtocolHandshake createSession
INFO: Detected dialect: OSS
]]></system-err>
  </testcase>
  <testcase name="get_monthly_emi_calc[6000000.0, 30.0, 8.0](1)" classname="com.makaan.qa.testpages.HomeLoanTestPage" time="8.677">
    <system-out><![CDATA[Before navigating to: 'https://www.makaan.com/'
Navigated to:'https://www.makaan.com/'
[INFO ] 2020-07-17 22:20:21.378 [main] LoginPage - Click on login button
Trying to find Element By : By.xpath: //div[text()='Log In']
Found Element By : By.xpath: //div[text()='Log In']
Trying to find Element By : By.xpath: //div[text()='Log In']
Found Element By : By.xpath: //div[text()='Log In']
Trying to find Element By : By.xpath: //div[text()='Log In']
Found Element By : By.xpath: //div[text()='Log In']
Trying to find Element By : By.xpath: //div[text()='Log In']
Found Element By : By.xpath: //div[text()='Log In']
Trying to click on: [[ChromeDriver: chrome on XP (873f5d1f06aca13718e21bb980d49509)] -> xpath: //div[text()='Log In']]
Clicked on: [[ChromeDriver: chrome on XP (873f5d1f06aca13718e21bb980d49509)] -> xpath: //div[text()='Log In']]
[INFO ] 2020-07-17 22:20:23.018 [main] LoginPage - Click on email button
Trying to find Element By : By.xpath: //div[text()='Login with email']
Found Element By : By.xpath: //div[text()='Login with email']
Trying to find Element By : By.xpath: //div[text()='Login with email']
Found Element By : By.xpath: //div[text()='Login with email']
Trying to find Element By : By.xpath: //div[text()='Login with email']
Found Element By : By.xpath: //div[text()='Login with email']
Trying to click on: [[ChromeDriver: chrome on XP (873f5d1f06aca13718e21bb980d49509)] -> xpath: //div[text()='Login with email']]
Clicked on: [[ChromeDriver: chrome on XP (873f5d1f06aca13718e21bb980d49509)] -> xpath: //div[text()='Login with email']]
[INFO ] 2020-07-17 22:20:24.020 [main] LoginPage - Enter test data in email and password fields
Trying to find Element By : By.id: username
Found Element By : By.id: username
Trying to find Element By : By.id: username
Found Element By : By.id: username
Trying to find Element By : By.id: password
Found Element By : By.id: password
Trying to find Element By : By.id: password
Found Element By : By.id: password
Trying to find Element By : By.xpath: //div[text()='Login']
Found Element By : By.xpath: //div[text()='Login']
Trying to find Element By : By.xpath: //div[text()='Login']
Found Element By : By.xpath: //div[text()='Login']
Trying to find Element By : By.xpath: //div[text()='Login']
Found Element By : By.xpath: //div[text()='Login']
Trying to click on: [[ChromeDriver: chrome on XP (873f5d1f06aca13718e21bb980d49509)] -> xpath: //div[text()='Login']]
Clicked on: [[ChromeDriver: chrome on XP (873f5d1f06aca13718e21bb980d49509)] -> xpath: //div[text()='Login']]
[INFO ] 2020-07-17 22:20:25.345 [main] HomeLoanPage - Makaan Home Loan
Trying to find Element By : By.xpath: (//li[@class='home-loan ']//a/span)[2]
Found Element By : By.xpath: (//li[@class='home-loan ']//a/span)[2]
Trying to find Element By : By.xpath: (//li[@class='home-loan ']//a/span)[2]
Found Element By : By.xpath: (//li[@class='home-loan ']//a/span)[2]
Trying to find Element By : By.xpath: (//li[@class='home-loan ']//a/span)[2]
Found Element By : By.xpath: (//li[@class='home-loan ']//a/span)[2]
Trying to find Element By : By.xpath: //span[@data-type='calculate_homeloan']/i/img
Found Element By : By.xpath: //span[@data-type='calculate_homeloan']/i/img
Trying to find Element By : By.xpath: //span[@data-type='calculate_homeloan']/i/img
Found Element By : By.xpath: //span[@data-type='calculate_homeloan']/i/img
Trying to find Element By : By.xpath: //span[@data-type='calculate_homeloan']/i/img
Found Element By : By.xpath: //span[@data-type='calculate_homeloan']/i/img
Trying to find Element By : By.id: emi_income
Found Element By : By.id: emi_income
Trying to find Element By : By.id: emi_income
Found Element By : By.id: emi_income
6000000.0
Trying to find Element By : By.id: emi_tenure
Found Element By : By.id: emi_tenure
Trying to find Element By : By.id: emi_tenure
Found Element By : By.id: emi_tenure
Trying to find Element By : By.id: emi_tenure
Found Element By : By.id: emi_tenure
30.0
Trying to find Element By : By.id: emi_interest
Found Element By : By.id: emi_interest
Trying to find Element By : By.id: emi_interest
Found Element By : By.id: emi_interest
Trying to find Element By : By.id: emi_interest
Found Element By : By.id: emi_interest
8.0
Trying to find Element By : By.xpath: //span[@class='js-emi val']
Found Element By : By.xpath: //span[@class='js-emi val']
4.61
Trying to find Element By : By.xpath: //span[@class='js-emi val']
Found Element By : By.xpath: //span[@class='js-emi val']
4.61
Trying to find Element By : By.xpath: //span[@class='js-emi val']
Found Element By : By.xpath: //span[@class='js-emi val']
4.61
]]></system-out>
    <system-err><![CDATA[Starting ChromeDriver 2.38.552522 (437e6fbedfa8762dec75e2c5b3ddb86763dc9dcb) on port 44737
Only local connections are allowed.
Jul 17, 2020 10:20:17 PM org.openqa.selenium.remote.ProtocolHandshake createSession
INFO: Detected dialect: OSS
]]></system-err>
  </testcase>
  <testcase name="get_monthly_emi_calc[3000000.0, 25.0, 9.5](2)" classname="com.makaan.qa.testpages.HomeLoanTestPage" time="8.149">
    <system-out><![CDATA[Before navigating to: 'https://www.makaan.com/'
Navigated to:'https://www.makaan.com/'
[INFO ] 2020-07-17 22:20:38.455 [main] LoginPage - Click on login button
Trying to find Element By : By.xpath: //div[text()='Log In']
Found Element By : By.xpath: //div[text()='Log In']
Trying to find Element By : By.xpath: //div[text()='Log In']
Found Element By : By.xpath: //div[text()='Log In']
Trying to find Element By : By.xpath: //div[text()='Log In']
Found Element By : By.xpath: //div[text()='Log In']
Trying to find Element By : By.xpath: //div[text()='Log In']
Found Element By : By.xpath: //div[text()='Log In']
Trying to click on: [[ChromeDriver: chrome on XP (a7fb2b76dbc13084e4ab71786f94625c)] -> xpath: //div[text()='Log In']]
Clicked on: [[ChromeDriver: chrome on XP (a7fb2b76dbc13084e4ab71786f94625c)] -> xpath: //div[text()='Log In']]
[INFO ] 2020-07-17 22:20:39.708 [main] LoginPage - Click on email button
Trying to find Element By : By.xpath: //div[text()='Login with email']
Found Element By : By.xpath: //div[text()='Login with email']
Trying to find Element By : By.xpath: //div[text()='Login with email']
Found Element By : By.xpath: //div[text()='Login with email']
Trying to find Element By : By.xpath: //div[text()='Login with email']
Found Element By : By.xpath: //div[text()='Login with email']
Trying to click on: [[ChromeDriver: chrome on XP (a7fb2b76dbc13084e4ab71786f94625c)] -> xpath: //div[text()='Login with email']]
Clicked on: [[ChromeDriver: chrome on XP (a7fb2b76dbc13084e4ab71786f94625c)] -> xpath: //div[text()='Login with email']]
[INFO ] 2020-07-17 22:20:40.826 [main] LoginPage - Enter test data in email and password fields
Trying to find Element By : By.id: username
Found Element By : By.id: username
Trying to find Element By : By.id: username
Found Element By : By.id: username
Trying to find Element By : By.id: password
Found Element By : By.id: password
Trying to find Element By : By.id: password
Found Element By : By.id: password
Trying to find Element By : By.xpath: //div[text()='Login']
Found Element By : By.xpath: //div[text()='Login']
Trying to find Element By : By.xpath: //div[text()='Login']
Found Element By : By.xpath: //div[text()='Login']
Trying to find Element By : By.xpath: //div[text()='Login']
Found Element By : By.xpath: //div[text()='Login']
Trying to click on: [[ChromeDriver: chrome on XP (a7fb2b76dbc13084e4ab71786f94625c)] -> xpath: //div[text()='Login']]
Clicked on: [[ChromeDriver: chrome on XP (a7fb2b76dbc13084e4ab71786f94625c)] -> xpath: //div[text()='Login']]
[INFO ] 2020-07-17 22:20:42.335 [main] HomeLoanPage - Makaan Home Loan
Trying to find Element By : By.xpath: (//li[@class='home-loan ']//a/span)[2]
Found Element By : By.xpath: (//li[@class='home-loan ']//a/span)[2]
Trying to find Element By : By.xpath: (//li[@class='home-loan ']//a/span)[2]
Found Element By : By.xpath: (//li[@class='home-loan ']//a/span)[2]
Trying to find Element By : By.xpath: (//li[@class='home-loan ']//a/span)[2]
Found Element By : By.xpath: (//li[@class='home-loan ']//a/span)[2]
Trying to find Element By : By.xpath: //span[@data-type='calculate_homeloan']/i/img
Found Element By : By.xpath: //span[@data-type='calculate_homeloan']/i/img
Trying to find Element By : By.xpath: //span[@data-type='calculate_homeloan']/i/img
Found Element By : By.xpath: //span[@data-type='calculate_homeloan']/i/img
Trying to find Element By : By.xpath: //span[@data-type='calculate_homeloan']/i/img
Found Element By : By.xpath: //span[@data-type='calculate_homeloan']/i/img
Trying to find Element By : By.id: emi_income
Found Element By : By.id: emi_income
Trying to find Element By : By.id: emi_income
Found Element By : By.id: emi_income
3000000.0
Trying to find Element By : By.id: emi_tenure
Found Element By : By.id: emi_tenure
Trying to find Element By : By.id: emi_tenure
Found Element By : By.id: emi_tenure
Trying to find Element By : By.id: emi_tenure
Found Element By : By.id: emi_tenure
25.0
Trying to find Element By : By.id: emi_interest
Found Element By : By.id: emi_interest
Trying to find Element By : By.id: emi_interest
Found Element By : By.id: emi_interest
Trying to find Element By : By.id: emi_interest
Found Element By : By.id: emi_interest
9.5
Trying to find Element By : By.xpath: //span[@class='js-emi val']
Found Element By : By.xpath: //span[@class='js-emi val']
2.41
Trying to find Element By : By.xpath: //span[@class='js-emi val']
Found Element By : By.xpath: //span[@class='js-emi val']
2.41
Trying to find Element By : By.xpath: //span[@class='js-emi val']
Found Element By : By.xpath: //span[@class='js-emi val']
2.41
]]></system-out>
    <system-err><![CDATA[Starting ChromeDriver 2.38.552522 (437e6fbedfa8762dec75e2c5b3ddb86763dc9dcb) on port 3978
Only local connections are allowed.
Jul 17, 2020 10:20:34 PM org.openqa.selenium.remote.ProtocolHandshake createSession
INFO: Detected dialect: OSS
]]></system-err>
  </testcase>
  <testcase name="get_monthly_emi_calc[5000000.0, 20.0, 10.0](3)" classname="com.makaan.qa.testpages.HomeLoanTestPage" time="7.6">
    <system-out><![CDATA[Before navigating to: 'https://www.makaan.com/'
Navigated to:'https://www.makaan.com/'
[INFO ] 2020-07-17 22:20:54.593 [main] LoginPage - Click on login button
Trying to find Element By : By.xpath: //div[text()='Log In']
Found Element By : By.xpath: //div[text()='Log In']
Trying to find Element By : By.xpath: //div[text()='Log In']
Found Element By : By.xpath: //div[text()='Log In']
Trying to find Element By : By.xpath: //div[text()='Log In']
Found Element By : By.xpath: //div[text()='Log In']
Trying to find Element By : By.xpath: //div[text()='Log In']
Found Element By : By.xpath: //div[text()='Log In']
Trying to click on: [[ChromeDriver: chrome on XP (4fe17c63b13075ea59b04054984d1f25)] -> xpath: //div[text()='Log In']]
Clicked on: [[ChromeDriver: chrome on XP (4fe17c63b13075ea59b04054984d1f25)] -> xpath: //div[text()='Log In']]
[INFO ] 2020-07-17 22:20:56.060 [main] LoginPage - Click on email button
Trying to find Element By : By.xpath: //div[text()='Login with email']
Found Element By : By.xpath: //div[text()='Login with email']
Trying to find Element By : By.xpath: //div[text()='Login with email']
Found Element By : By.xpath: //div[text()='Login with email']
Trying to find Element By : By.xpath: //div[text()='Login with email']
Found Element By : By.xpath: //div[text()='Login with email']
Trying to click on: [[ChromeDriver: chrome on XP (4fe17c63b13075ea59b04054984d1f25)] -> xpath: //div[text()='Login with email']]
Clicked on: [[ChromeDriver: chrome on XP (4fe17c63b13075ea59b04054984d1f25)] -> xpath: //div[text()='Login with email']]
[INFO ] 2020-07-17 22:20:57.212 [main] LoginPage - Enter test data in email and password fields
Trying to find Element By : By.id: username
Found Element By : By.id: username
Trying to find Element By : By.id: username
Found Element By : By.id: username
Trying to find Element By : By.id: password
Found Element By : By.id: password
Trying to find Element By : By.id: password
Found Element By : By.id: password
Trying to find Element By : By.xpath: //div[text()='Login']
Found Element By : By.xpath: //div[text()='Login']
Trying to find Element By : By.xpath: //div[text()='Login']
Found Element By : By.xpath: //div[text()='Login']
Trying to find Element By : By.xpath: //div[text()='Login']
Found Element By : By.xpath: //div[text()='Login']
Trying to click on: [[ChromeDriver: chrome on XP (4fe17c63b13075ea59b04054984d1f25)] -> xpath: //div[text()='Login']]
Clicked on: [[ChromeDriver: chrome on XP (4fe17c63b13075ea59b04054984d1f25)] -> xpath: //div[text()='Login']]
[INFO ] 2020-07-17 22:20:58.696 [main] HomeLoanPage - Makaan Home Loan
Trying to find Element By : By.xpath: (//li[@class='home-loan ']//a/span)[2]
Found Element By : By.xpath: (//li[@class='home-loan ']//a/span)[2]
Trying to find Element By : By.xpath: (//li[@class='home-loan ']//a/span)[2]
Found Element By : By.xpath: (//li[@class='home-loan ']//a/span)[2]
Trying to find Element By : By.xpath: (//li[@class='home-loan ']//a/span)[2]
Found Element By : By.xpath: (//li[@class='home-loan ']//a/span)[2]
Trying to find Element By : By.xpath: //span[@data-type='calculate_homeloan']/i/img
Found Element By : By.xpath: //span[@data-type='calculate_homeloan']/i/img
Trying to find Element By : By.xpath: //span[@data-type='calculate_homeloan']/i/img
Found Element By : By.xpath: //span[@data-type='calculate_homeloan']/i/img
Trying to find Element By : By.xpath: //span[@data-type='calculate_homeloan']/i/img
Found Element By : By.xpath: //span[@data-type='calculate_homeloan']/i/img
Trying to find Element By : By.id: emi_income
Found Element By : By.id: emi_income
Trying to find Element By : By.id: emi_income
Found Element By : By.id: emi_income
5000000.0
Trying to find Element By : By.id: emi_tenure
Found Element By : By.id: emi_tenure
Trying to find Element By : By.id: emi_tenure
Found Element By : By.id: emi_tenure
Trying to find Element By : By.id: emi_tenure
Found Element By : By.id: emi_tenure
20.0
Trying to find Element By : By.id: emi_interest
Found Element By : By.id: emi_interest
Trying to find Element By : By.id: emi_interest
Found Element By : By.id: emi_interest
Trying to find Element By : By.id: emi_interest
Found Element By : By.id: emi_interest
10.0
Trying to find Element By : By.xpath: //span[@class='js-emi val']
Found Element By : By.xpath: //span[@class='js-emi val']
4.33
Trying to find Element By : By.xpath: //span[@class='js-emi val']
Found Element By : By.xpath: //span[@class='js-emi val']
4.33
Trying to find Element By : By.xpath: //span[@class='js-emi val']
Found Element By : By.xpath: //span[@class='js-emi val']
4.33
]]></system-out>
    <system-err><![CDATA[Starting ChromeDriver 2.38.552522 (437e6fbedfa8762dec75e2c5b3ddb86763dc9dcb) on port 8540
Only local connections are allowed.
Jul 17, 2020 10:20:50 PM org.openqa.selenium.remote.ProtocolHandshake createSession
INFO: Detected dialect: OSS
]]></system-err>
  </testcase>
</testsuite>